<?xml version="1.0" encoding="UTF-8"?>
<!-- Generated by org.testng.reporters.JUnitReportReporter -->
<testsuite skipped="0" hostname="AAPCLW10-1670" name="annotattions.Annotations" tests="3" failures="0" timestamp="30 Mar 2019 15:24:15 GMT" time="0.008" errors="0">
  <testcase name="a" time="0.004" classname="annotattions.Annotations"/>
  <testcase name="b" time="0.001" classname="annotattions.Annotations"/>
  <testcase name="f" time="0.003" classname="annotattions.Annotations"/>
</testsuite> <!-- annotattions.Annotations -->
