<?xml version="1.0" encoding="UTF-8"?>
<!-- Generated by org.testng.reporters.JUnitReportReporter -->
<testsuite skipped="0" hostname="AAPCLW10-1670" name="grouping.Groups" tests="2" failures="0" timestamp="30 Mar 2019 16:28:13 GMT" time="0.009" errors="0">
  <testcase name="d" time="0.008" classname="grouping.Groups"/>
  <testcase name="m" time="0.001" classname="grouping.Groups"/>
</testsuite> <!-- grouping.Groups -->
