<?xml version="1.0" encoding="UTF-8"?>
<!-- Generated by org.testng.reporters.JUnitReportReporter -->
<testsuite skipped="0" hostname="AAPCLW10-1670" name="parameterization.Parameterstest" tests="2" failures="0" timestamp="30 Mar 2019 17:15:43 GMT" time="5.097" errors="0">
  <testcase name="f" time="2.365" classname="parameterization.Parameterstest"/>
  <testcase name="f" time="2.732" classname="parameterization.Parameterstest"/>
</testsuite> <!-- parameterization.Parameterstest -->
